<?xml version="1.0" encoding="UTF-8"?>
<!-- Generated by org.testng.reporters.JUnitReportReporter -->
<testsuite skipped="0" hostname="DESKTOP-4II4BMC" name="com.inetbanking.testCases.TC_LoginTest_001" tests="1" failures="0" timestamp="13 Oct 2020 15:07:09 GMT" time="3.748" errors="0">
  <testcase name="loginTest" time="3.748" classname="com.inetbanking.testCases.TC_LoginTest_001"/>
</testsuite> <!-- com.inetbanking.testCases.TC_LoginTest_001 -->
