<?xml version="1.0" encoding="UTF-8"?>
<!-- Generated by org.testng.reporters.JUnitReportReporter -->
<testsuite skipped="0" hostname="DESKTOP-4II4BMC" name="com.inetbanking.testCases.TC_LoginTest_001" tests="1" failures="0" timestamp="14 Oct 2020 14:08:42 GMT" time="2.988" errors="0">
  <testcase name="loginTest" time="2.988" classname="com.inetbanking.testCases.TC_LoginTest_001"/>
</testsuite> <!-- com.inetbanking.testCases.TC_LoginTest_001 -->
